2017-12-25 23:47:41,704 INFO o.a.j.u.JMeterUtils: Setting Locale to zh_CN
2017-12-25 23:47:41,724 INFO o.a.j.JMeter: Loading user properties from: D:\tools\apache-jmeter-3.3\bin\user.properties
2017-12-25 23:47:41,738 INFO o.a.j.JMeter: Loading system properties from: D:\tools\apache-jmeter-3.3\bin\system.properties
2017-12-25 23:47:41,743 INFO o.a.j.JMeter: Setting System property: jmeter.save.saveservice.output_format=xml
2017-12-25 23:47:41,743 INFO o.a.j.JMeter: Setting System property: sampleresult.default.encoding=utf-8
2017-12-25 23:47:41,743 INFO o.a.j.JMeter: Setting System property: jmeter.save.saveservice.data_type=true
2017-12-25 23:47:41,743 INFO o.a.j.JMeter: Setting System property: jmeter.save.saveservice.label=true
2017-12-25 23:47:41,743 INFO o.a.j.JMeter: Setting System property: jmeter.save.saveservice.response_code=true
2017-12-25 23:47:41,743 INFO o.a.j.JMeter: Setting System property: jmeter.save.saveservice.response_data=true
2017-12-25 23:47:41,743 INFO o.a.j.JMeter: Setting System property: jmeter.save.saveservice.response_data.on_error=false
2017-12-25 23:47:41,743 INFO o.a.j.JMeter: Setting System property: jmeter.save.saveservice.response_message=true
2017-12-25 23:47:41,743 INFO o.a.j.JMeter: Setting System property: jmeter.save.saveservice.successful=true
2017-12-25 23:47:41,743 INFO o.a.j.JMeter: Setting System property: jmeter.save.saveservice.thread_name=true
2017-12-25 23:47:41,744 INFO o.a.j.JMeter: Setting System property: jmeter.save.saveservice.time=true
2017-12-25 23:47:41,744 INFO o.a.j.JMeter: Setting System property: jmeter.save.saveservice.subresults=true
2017-12-25 23:47:41,744 INFO o.a.j.JMeter: Setting System property: jmeter.save.saveservice.assertions=true
2017-12-25 23:47:41,744 INFO o.a.j.JMeter: Setting System property: jmeter.save.saveservice.latency=true
2017-12-25 23:47:41,744 INFO o.a.j.JMeter: Setting System property: jmeter.save.saveservice.connect_time=true
2017-12-25 23:47:41,744 INFO o.a.j.JMeter: Setting System property: jmeter.save.saveservice.samplerData=true
2017-12-25 23:47:41,744 INFO o.a.j.JMeter: Setting System property: jmeter.save.saveservice.responseHeaders=true
2017-12-25 23:47:41,744 INFO o.a.j.JMeter: Setting System property: jmeter.save.saveservice.requestHeaders=true
2017-12-25 23:47:41,744 INFO o.a.j.JMeter: Setting System property: jmeter.save.saveservice.encoding=true
2017-12-25 23:47:41,744 INFO o.a.j.JMeter: Setting System property: jmeter.save.saveservice.bytes=true
2017-12-25 23:47:41,744 INFO o.a.j.JMeter: Setting System property: jmeter.save.saveservice.url=true
2017-12-25 23:47:41,744 INFO o.a.j.JMeter: Setting System property: jmeter.save.saveservice.filename=true
2017-12-25 23:47:41,745 INFO o.a.j.JMeter: Setting System property: jmeter.save.saveservice.hostname=true
2017-12-25 23:47:41,745 INFO o.a.j.JMeter: Setting System property: jmeter.save.saveservice.thread_counts=true
2017-12-25 23:47:41,745 INFO o.a.j.JMeter: Setting System property: jmeter.save.saveservice.sample_count=true
2017-12-25 23:47:41,745 INFO o.a.j.JMeter: Setting System property: jmeter.save.saveservice.idle_time=true
2017-12-25 23:47:41,750 INFO o.a.j.JMeter: Copyright (c) 1998-2017 The Apache Software Foundation
2017-12-25 23:47:41,750 INFO o.a.j.JMeter: Version 3.3 r1808647
2017-12-25 23:47:41,750 INFO o.a.j.JMeter: java.version=1.8.0_111
2017-12-25 23:47:41,750 INFO o.a.j.JMeter: java.vm.name=Java HotSpot(TM) 64-Bit Server VM
2017-12-25 23:47:41,750 INFO o.a.j.JMeter: os.name=Windows 7
2017-12-25 23:47:41,750 INFO o.a.j.JMeter: os.arch=amd64
2017-12-25 23:47:41,750 INFO o.a.j.JMeter: os.version=6.1
2017-12-25 23:47:41,750 INFO o.a.j.JMeter: file.encoding=GBK
2017-12-25 23:47:41,750 INFO o.a.j.JMeter: Max memory     =536870912
2017-12-25 23:47:41,750 INFO o.a.j.JMeter: Available Processors =8
2017-12-25 23:47:41,758 INFO o.a.j.JMeter: Default Locale=中文 (中国)
2017-12-25 23:47:41,759 INFO o.a.j.JMeter: JMeter  Locale=中文 (中国)
2017-12-25 23:47:41,759 INFO o.a.j.JMeter: JMeterHome=D:\tools\apache-jmeter-3.3
2017-12-25 23:47:41,759 INFO o.a.j.JMeter: user.dir  =D:\git\jmeter_report
2017-12-25 23:47:41,759 INFO o.a.j.JMeter: PWD       =D:\git\jmeter_report
2017-12-25 23:47:41,760 INFO o.a.j.JMeter: IP: 192.168.44.1 Name: x-PC FullName: x-PC
2017-12-25 23:47:41,763 INFO o.a.j.s.FileServer: Default base='D:\git\jmeter_report'
2017-12-25 23:47:41,763 INFO o.a.j.s.FileServer: Set new base='D:\tools\apache-jmeter-3.3\bin'
2017-12-25 23:47:41,926 INFO o.a.j.s.SaveService: Testplan (JMX) version: 2.2. Testlog (JTL) version: 2.2
2017-12-25 23:47:41,967 INFO o.a.j.s.SaveService: Using SaveService properties file encoding UTF-8
2017-12-25 23:47:41,973 INFO o.a.j.s.SaveService: Using SaveService properties version 3.2
2017-12-25 23:47:41,980 INFO o.a.j.s.SaveService: Loading file: D:\tools\apache-jmeter-3.3\bin\baidu.jmx
2017-12-25 23:47:42,063 INFO o.a.j.p.h.s.HTTPSamplerBase: Parser for text/html is org.apache.jmeter.protocol.http.parser.LagartoBasedHtmlParser
2017-12-25 23:47:42,063 INFO o.a.j.p.h.s.HTTPSamplerBase: Parser for application/xhtml+xml is org.apache.jmeter.protocol.http.parser.LagartoBasedHtmlParser
2017-12-25 23:47:42,063 INFO o.a.j.p.h.s.HTTPSamplerBase: Parser for application/xml is org.apache.jmeter.protocol.http.parser.LagartoBasedHtmlParser
2017-12-25 23:47:42,064 INFO o.a.j.p.h.s.HTTPSamplerBase: Parser for text/xml is org.apache.jmeter.protocol.http.parser.LagartoBasedHtmlParser
2017-12-25 23:47:42,064 INFO o.a.j.p.h.s.HTTPSamplerBase: Parser for text/vnd.wap.wml is org.apache.jmeter.protocol.http.parser.RegexpHTMLParser
2017-12-25 23:47:42,064 INFO o.a.j.p.h.s.HTTPSamplerBase: Parser for text/css is org.apache.jmeter.protocol.http.parser.CssParser
2017-12-25 23:47:42,085 INFO o.a.j.JMeter: Creating summariser <summary>
2017-12-25 23:47:42,092 INFO o.a.j.e.StandardJMeterEngine: Running the test!
2017-12-25 23:47:42,092 INFO o.a.j.s.SampleEvent: List of sample_variables: []
2017-12-25 23:47:42,093 INFO o.a.j.s.SampleEvent: List of sample_variables: []
2017-12-25 23:47:42,097 INFO o.a.j.e.u.CompoundVariable: Note: Function class names must contain the string: '.functions.'
2017-12-25 23:47:42,097 INFO o.a.j.e.u.CompoundVariable: Note: Function class names must not contain the string: '.gui.'
2017-12-25 23:47:42,473 WARN o.a.j.r.ResultCollector: Unexpected EOF trying to find XML end marker in D:\tools\apache-jmeter-3.3\bin\result.jtl
2017-12-25 23:47:42,475 INFO o.a.j.JMeter: 正在运行的测试 (1514216862475)
2017-12-25 23:47:42,514 INFO o.a.j.e.StandardJMeterEngine: Starting ThreadGroup: 1 : 线程组
2017-12-25 23:47:42,515 INFO o.a.j.e.StandardJMeterEngine: Starting 1 threads for group 线程组.
2017-12-25 23:47:42,515 INFO o.a.j.e.StandardJMeterEngine: Thread will continue on error
2017-12-25 23:47:42,515 INFO o.a.j.t.ThreadGroup: Starting thread group... number=1 threads=1 ramp-up=1 perThread=1000.0 delayedStart=false
2017-12-25 23:47:42,520 INFO o.a.j.t.ThreadGroup: Started thread group number 1
2017-12-25 23:47:42,520 INFO o.a.j.e.StandardJMeterEngine: All thread groups have been started
2017-12-25 23:47:42,522 INFO o.a.j.t.JMeterThread: Thread started: 线程组 1-1
2017-12-25 23:47:42,542 INFO o.a.j.p.h.s.HTTPHCAbstractImpl: Local host = x-PC
2017-12-25 23:47:42,549 INFO o.a.j.p.h.s.HTTPHC4Impl: HTTP request retry count = 0
2017-12-25 23:47:42,559 INFO o.a.j.s.SampleResult: Note: Sample TimeStamps are START times
2017-12-25 23:47:42,559 INFO o.a.j.s.SampleResult: sampleresult.default.encoding is set to utf-8
2017-12-25 23:47:42,559 INFO o.a.j.s.SampleResult: sampleresult.useNanoTime=true
2017-12-25 23:47:42,559 INFO o.a.j.s.SampleResult: sampleresult.nanoThreadSleep=5000
2017-12-25 23:47:43,015 INFO o.a.j.t.JMeterThread: Thread is done: 线程组 1-1
2017-12-25 23:47:43,015 INFO o.a.j.t.JMeterThread: Thread finished: 线程组 1-1
2017-12-25 23:47:43,016 INFO o.a.j.e.StandardJMeterEngine: Notifying test listeners of end of test
2017-12-25 23:47:43,017 INFO o.a.j.r.Summariser: summary =      1 in 00:00:01 =    1.8/s Avg:   418 Min:   418 Max:   418 Err:     0 (0.00%)
